[INFO] Scanning for projects...
[INFO] 
[INFO] -----------------------< com.arushr:rentreturn >------------------------
[INFO] Building rentreturn 0.0.1-SNAPSHOT
[INFO]   from pom.xml
[INFO] --------------------------------[ jar ]---------------------------------
[INFO] 
[INFO] --- resources:3.3.1:resources (default-resources) @ rentreturn ---
[INFO] Copying 1 resource from src/main/resources to target/classes
[INFO] Copying 1 resource from src/main/resources to target/classes
[INFO] 
[INFO] --- compiler:3.14.0:compile (default-compile) @ rentreturn ---
[INFO] Nothing to compile - all classes are up to date.
[INFO] 
[INFO] --- resources:3.3.1:testResources (default-testResources) @ rentreturn ---
[INFO] skip non existing resourceDirectory /home/arushr/Documents/PROJECTS/rent-and-return/backend/src/test/resources
[INFO] 
[INFO] --- compiler:3.14.0:testCompile (default-testCompile) @ rentreturn ---
[INFO] Nothing to compile - all classes are up to date.
[INFO] 
[INFO] --- surefire:3.5.3:test (default-test) @ rentreturn ---
[INFO] Using auto detected provider org.apache.maven.surefire.junitplatform.JUnitPlatformProvider
[INFO] 
[INFO] -------------------------------------------------------
[INFO]  T E S T S
[INFO] -------------------------------------------------------
[INFO] Running com.arushr.rentreturn.service.RentalServiceImplTest
[INFO] Tests run: 25, Failures: 0, Errors: 0, Skipped: 0, Time elapsed: 3.985 s -- in com.arushr.rentreturn.service.RentalServiceImplTest
[INFO] Running com.arushr.rentreturn.service.ProductServiceImplTest
[INFO] Tests run: 19, Failures: 0, Errors: 0, Skipped: 0, Time elapsed: 0.556 s -- in com.arushr.rentreturn.service.ProductServiceImplTest
[INFO] Running com.arushr.rentreturn.service.UserServiceImplTest
[INFO] Tests run: 29, Failures: 0, Errors: 0, Skipped: 0, Time elapsed: 0.652 s -- in com.arushr.rentreturn.service.UserServiceImplTest
[INFO] 
[INFO] Results:
[INFO] 
[INFO] Tests run: 73, Failures: 0, Errors: 0, Skipped: 0
[INFO] 
[INFO] ------------------------------------------------------------------------
[INFO] BUILD SUCCESS
[INFO] ------------------------------------------------------------------------
[INFO] Total time:  10.856 s
[INFO] Finished at: 2025-07-16T17:41:48+05:30
[INFO] ------------------------------------------------------------------------
